<?xml version="1.0" encoding="UTF-8"?>
<testsuite name="com.example.snake_server.SnakeServerApplicationTests" tests="3" skipped="0" failures="0" errors="0" timestamp="2025-01-18T15:58:26" hostname="LAPTOP-85U8BKHQ" time="3.206">
  <properties/>
  <testcase name="testPostScore()" classname="com.example.snake_server.SnakeServerApplicationTests" time="2.953"/>
  <testcase name="testPostScoreBadRequest()" classname="com.example.snake_server.SnakeServerApplicationTests" time="0.019"/>
  <testcase name="testGetScores()" classname="com.example.snake_server.SnakeServerApplicationTests" time="0.232"/>
  <system-out><![CDATA[16:58:19.843 [Test worker] INFO org.springframework.test.context.support.AnnotationConfigContextLoaderUtils -- Could not detect default configuration classes for test class [com.example.snake_server.SnakeServerApplicationTests]: SnakeServerApplicationTests does not declare any static, non-private, non-final, nested classes annotated with @Configuration.
16:58:20.005 [Test worker] INFO org.springframework.boot.test.context.SpringBootTestContextBootstrapper -- Found @SpringBootConfiguration com.example.snake_server.SnakeServerApplication for test class com.example.snake_server.SnakeServerApplicationTests

  .   ____          _            __ _ _
 /\\ / ___'_ __ _ _(_)_ __  __ _ \ \ \ \
( ( )\___ | '_ | '_| | '_ \/ _` | \ \ \ \
 \\/  ___)| |_)| | | | | || (_| |  ) ) ) )
  '  |____| .__|_| |_|_| |_\__, | / / / /
 =========|_|==============|___/=/_/_/_/

 :: Spring Boot ::                (v3.4.0)

2025-01-18T16:58:20.774+01:00  INFO 19096 --- [snake_server] [    Test worker] c.e.s.SnakeServerApplicationTests        : Starting SnakeServerApplicationTests using Java 21.0.5 with PID 19096 (started by kevin in C:\Users\kevin\3A\DO_IT\Cours\Java_Gradle\snakeInc_\snake_server)
2025-01-18T16:58:20.776+01:00  INFO 19096 --- [snake_server] [    Test worker] c.e.s.SnakeServerApplicationTests        : The following 1 profile is active: "test"
2025-01-18T16:58:21.952+01:00  INFO 19096 --- [snake_server] [    Test worker] .s.d.r.c.RepositoryConfigurationDelegate : Bootstrapping Spring Data JPA repositories in DEFAULT mode.
2025-01-18T16:58:22.056+01:00  INFO 19096 --- [snake_server] [    Test worker] .s.d.r.c.RepositoryConfigurationDelegate : Finished Spring Data repository scanning in 88 ms. Found 1 JPA repository interface.
2025-01-18T16:58:22.747+01:00  INFO 19096 --- [snake_server] [    Test worker] o.hibernate.jpa.internal.util.LogHelper  : HHH000204: Processing PersistenceUnitInfo [name: default]
2025-01-18T16:58:22.892+01:00  INFO 19096 --- [snake_server] [    Test worker] org.hibernate.Version                    : HHH000412: Hibernate ORM core version 6.6.2.Final
2025-01-18T16:58:22.967+01:00  INFO 19096 --- [snake_server] [    Test worker] o.h.c.internal.RegionFactoryInitiator    : HHH000026: Second-level cache disabled
2025-01-18T16:58:23.518+01:00  INFO 19096 --- [snake_server] [    Test worker] o.s.o.j.p.SpringPersistenceUnitInfo      : No LoadTimeWeaver setup: ignoring JPA class transformer
2025-01-18T16:58:23.568+01:00  INFO 19096 --- [snake_server] [    Test worker] com.zaxxer.hikari.HikariDataSource       : HikariPool-1 - Starting...
2025-01-18T16:58:23.812+01:00  INFO 19096 --- [snake_server] [    Test worker] com.zaxxer.hikari.pool.HikariPool        : HikariPool-1 - Added connection conn0: url=jdbc:h2:mem:testdb user=SA
2025-01-18T16:58:23.814+01:00  INFO 19096 --- [snake_server] [    Test worker] com.zaxxer.hikari.HikariDataSource       : HikariPool-1 - Start completed.
2025-01-18T16:58:23.847+01:00  WARN 19096 --- [snake_server] [    Test worker] org.hibernate.orm.deprecation            : HHH90000025: H2Dialect does not need to be specified explicitly using 'hibernate.dialect' (remove the property setting and it will be selected by default)
2025-01-18T16:58:23.882+01:00  INFO 19096 --- [snake_server] [    Test worker] org.hibernate.orm.connections.pooling    : HHH10001005: Database info:
	Database JDBC URL [Connecting through datasource 'HikariDataSource (HikariPool-1)']
	Database driver: undefined/unknown
	Database version: 2.3.232
	Autocommit mode: undefined/unknown
	Isolation level: undefined/unknown
	Minimum pool size: undefined/unknown
	Maximum pool size: undefined/unknown
2025-01-18T16:58:24.940+01:00  INFO 19096 --- [snake_server] [    Test worker] o.h.e.t.j.p.i.JtaPlatformInitiator       : HHH000489: No JTA platform available (set 'hibernate.transaction.jta.platform' to enable JTA platform integration)
2025-01-18T16:58:24.978+01:00  INFO 19096 --- [snake_server] [    Test worker] j.LocalContainerEntityManagerFactoryBean : Initialized JPA EntityManagerFactory for persistence unit 'default'
2025-01-18T16:58:25.677+01:00  WARN 19096 --- [snake_server] [    Test worker] JpaBaseConfiguration$JpaWebConfiguration : spring.jpa.open-in-view is enabled by default. Therefore, database queries may be performed during view rendering. Explicitly configure spring.jpa.open-in-view to disable this warning
2025-01-18T16:58:26.078+01:00  INFO 19096 --- [snake_server] [    Test worker] o.s.b.a.h2.H2ConsoleAutoConfiguration    : H2 console available at '/h2-console'. Database available at 'jdbc:h2:mem:testdb'
2025-01-18T16:58:26.173+01:00  INFO 19096 --- [snake_server] [    Test worker] c.e.s.SnakeServerApplicationTests        : Started SnakeServerApplicationTests in 5.861 seconds (process running for 7.817)
]]></system-out>
  <system-err><![CDATA[Mockito is currently self-attaching to enable the inline-mock-maker. This will no longer work in future releases of the JDK. Please add Mockito as an agent to your build what is described in Mockito's documentation: https://javadoc.io/doc/org.mockito/mockito-core/latest/org/mockito/Mockito.html#0.3
WARNING: A Java agent has been loaded dynamically (C:\Users\kevin\.gradle\caches\modules-2\files-2.1\net.bytebuddy\byte-buddy-agent\1.15.10\e8eb255b2c378b9a6c7341e7b0e12f0a5636377\byte-buddy-agent-1.15.10.jar)
WARNING: If a serviceability tool is in use, please run with -XX:+EnableDynamicAgentLoading to hide this warning
WARNING: If a serviceability tool is not in use, please run with -Djdk.instrument.traceUsage for more information
WARNING: Dynamic loading of agents will be disallowed by default in a future release
]]></system-err>
</testsuite>
